[debug] [2020-01-02T16:41:33.546Z] ----------------------------------------------------------------------
[debug] [2020-01-02T16:41:33.548Z] Command:       C:\Program Files\nodejs\node.exe C:\Users\clada\AppData\Roaming\npm\node_modules\firebase-tools\lib\bin\firebase.js init
[debug] [2020-01-02T16:41:33.548Z] CLI Version:   7.11.0
[debug] [2020-01-02T16:41:33.548Z] Platform:      win32
[debug] [2020-01-02T16:41:33.548Z] Node Version:  v12.13.1
[debug] [2020-01-02T16:41:33.550Z] Time:          Thu Jan 02 2020 11:41:33 GMT-0500 (Eastern Standard Time)
[debug] [2020-01-02T16:41:33.550Z] ----------------------------------------------------------------------
[debug] [2020-01-02T16:41:33.550Z] 
[debug] [2020-01-02T16:41:33.560Z] > command requires scopes: ["email","openid","https://www.googleapis.com/auth/cloudplatformprojects.readonly","https://www.googleapis.com/auth/firebase","https://www.googleapis.com/auth/cloud-platform"]
[debug] [2020-01-02T16:41:33.561Z] > authorizing via signed-in user
[info] 
     ######## #### ########  ######## ########     ###     ######  ########
     ##        ##  ##     ## ##       ##     ##  ##   ##  ##       ##
     ######    ##  ########  ######   ########  #########  ######  ######
     ##        ##  ##    ##  ##       ##     ## ##     ##       ## ##
     ##       #### ##     ## ######## ########  ##     ##  ######  ########

You're about to initialize a Firebase project in this directory:

  D:\lambdaschool\Hackathon\front-end

[debug] [2020-01-02T16:42:15.422Z] ----------------------------------------------------------------------
[debug] [2020-01-02T16:42:15.424Z] Command:       C:\Program Files\nodejs\node.exe C:\Users\clada\AppData\Roaming\npm\node_modules\firebase-tools\lib\bin\firebase.js init --interactive
[debug] [2020-01-02T16:42:15.424Z] CLI Version:   7.11.0
[debug] [2020-01-02T16:42:15.424Z] Platform:      win32
[debug] [2020-01-02T16:42:15.424Z] Node Version:  v12.13.1
[debug] [2020-01-02T16:42:15.426Z] Time:          Thu Jan 02 2020 11:42:15 GMT-0500 (Eastern Standard Time)
[debug] [2020-01-02T16:42:15.426Z] ----------------------------------------------------------------------
[debug] [2020-01-02T16:42:15.426Z] 
[debug] [2020-01-02T16:42:15.435Z] > command requires scopes: ["email","openid","https://www.googleapis.com/auth/cloudplatformprojects.readonly","https://www.googleapis.com/auth/firebase","https://www.googleapis.com/auth/cloud-platform"]
[debug] [2020-01-02T16:42:15.436Z] > authorizing via signed-in user
[info] 
     ######## #### ########  ######## ########     ###     ######  ########
     ##        ##  ##     ## ##       ##     ##  ##   ##  ##       ##
     ######    ##  ########  ######   ########  #########  ######  ######
     ##        ##  ##    ##  ##       ##     ## ##     ##       ## ##
     ##       #### ##     ## ######## ########  ##     ##  ######  ########

You're about to initialize a Firebase project in this directory:

  D:\lambdaschool\Hackathon\front-end

[debug] [2020-01-02T16:47:14.806Z] ----------------------------------------------------------------------
[debug] [2020-01-02T16:47:14.808Z] Command:       C:\Program Files\nodejs\node.exe C:\Users\clada\AppData\Roaming\npm\node_modules\firebase-tools\lib\bin\firebase.js init
[debug] [2020-01-02T16:47:14.808Z] CLI Version:   7.11.0
[debug] [2020-01-02T16:47:14.808Z] Platform:      win32
[debug] [2020-01-02T16:47:14.808Z] Node Version:  v12.13.1
[debug] [2020-01-02T16:47:14.809Z] Time:          Thu Jan 02 2020 11:47:14 GMT-0500 (Eastern Standard Time)
[debug] [2020-01-02T16:47:14.809Z] ----------------------------------------------------------------------
[debug] [2020-01-02T16:47:14.809Z] 
[debug] [2020-01-02T16:47:14.818Z] > command requires scopes: ["email","openid","https://www.googleapis.com/auth/cloudplatformprojects.readonly","https://www.googleapis.com/auth/firebase","https://www.googleapis.com/auth/cloud-platform"]
[debug] [2020-01-02T16:47:14.819Z] > authorizing via signed-in user
[info] 
     ######## #### ########  ######## ########     ###     ######  ########
     ##        ##  ##     ## ##       ##     ##  ##   ##  ##       ##
     ######    ##  ########  ######   ########  #########  ######  ######
     ##        ##  ##    ##  ##       ##     ## ##     ##       ## ##
     ##       #### ##     ## ######## ########  ##     ##  ######  ########

You're about to initialize a Firebase project in this directory:

  D:\lambdaschool\Hackathon\front-end

[info] 
=== Project Setup
[info] 
[info] First, let's associate this project directory with a Firebase project.
[info] You can create multiple project aliases by running firebase use --add, 
[info] but for now we'll just set up a default project.
[info] 
[debug] [2020-01-02T16:53:30.741Z] ----------------------------------------------------------------------
[debug] [2020-01-02T16:53:30.743Z] Command:       C:\Program Files\nodejs\node.exe C:\Users\clada\AppData\Roaming\npm\node_modules\firebase-tools\lib\bin\firebase.js init
[debug] [2020-01-02T16:53:30.744Z] CLI Version:   7.11.0
[debug] [2020-01-02T16:53:30.744Z] Platform:      win32
[debug] [2020-01-02T16:53:30.744Z] Node Version:  v12.13.1
[debug] [2020-01-02T16:53:30.745Z] Time:          Thu Jan 02 2020 11:53:30 GMT-0500 (Eastern Standard Time)
[debug] [2020-01-02T16:53:30.745Z] ----------------------------------------------------------------------
[debug] [2020-01-02T16:53:30.745Z] 
[debug] [2020-01-02T16:53:30.753Z] > command requires scopes: ["email","openid","https://www.googleapis.com/auth/cloudplatformprojects.readonly","https://www.googleapis.com/auth/firebase","https://www.googleapis.com/auth/cloud-platform"]
[debug] [2020-01-02T16:53:30.753Z] > authorizing via signed-in user
[info] 
     ######## #### ########  ######## ########     ###     ######  ########
     ##        ##  ##     ## ##       ##     ##  ##   ##  ##       ##
     ######    ##  ########  ######   ########  #########  ######  ######
     ##        ##  ##    ##  ##       ##     ## ##     ##       ## ##
     ##       #### ##     ## ######## ########  ##     ##  ######  ########

You're about to initialize a Firebase project in this directory:

  D:\lambdaschool\Hackathon\front-end

